<?xml version="1.0" encoding="UTF-8"?>
<testng-results ignored="0" total="4" passed="3" failed="1" skipped="0">
  <reporter-output>
  </reporter-output>
  <suite started-at="2022-08-26T22:45:40 IST" name="Suite" finished-at="2022-08-26T22:46:17 IST" duration-ms="37124">
    <groups>
    </groups>
    <test started-at="2022-08-26T22:45:40 IST" name="com.FirstTest" finished-at="2022-08-26T22:46:17 IST" duration-ms="37124">
      <class name="LocalTest.RunLocalTest.FirstTest">
        <test-method is-config="true" signature="setupTest(java.lang.String)[pri:0, instance:LocalTest.RunLocalTest.FirstTest@37858383]" started-at="2022-08-26T22:45:40 IST" name="setupTest" finished-at="2022-08-26T22:45:45 IST" duration-ms="5032" status="PASS">
          <params>
            <param index="0">
              <value>
                <![CDATA[chrome]]>
              </value>
            </param>
          </params>
          <reporter-output>
          </reporter-output>
        </test-method> <!-- setupTest -->
        <test-method is-config="true" signature="setupTest(java.lang.String)[pri:0, instance:LocalTest.RunLocalTest.FirstTest@37858383]" started-at="2022-08-26T22:45:40 IST" name="setupTest" finished-at="2022-08-26T22:45:45 IST" duration-ms="5032" status="PASS">
          <params>
            <param index="0">
              <value>
                <![CDATA[chrome]]>
              </value>
            </param>
          </params>
          <reporter-output>
          </reporter-output>
        </test-method> <!-- setupTest -->
        <test-method signature="GOOGLE2()[pri:0, instance:LocalTest.RunLocalTest.FirstTest@37858383]" started-at="2022-08-26T22:45:45 IST" name="GOOGLE2" finished-at="2022-08-26T22:46:01 IST" duration-ms="15489" status="FAIL">
          <exception class="java.lang.AssertionError">
            <message>
              <![CDATA[expected [Google] but found []]]>
            </message>
            <full-stacktrace>
              <![CDATA[java.lang.AssertionError: expected [Google] but found []
at org.testng.Assert.fail(Assert.java:99)
at org.testng.Assert.failNotEquals(Assert.java:1037)
at org.testng.Assert.assertEqualsImpl(Assert.java:140)
at org.testng.Assert.assertEquals(Assert.java:122)
at org.testng.Assert.assertEquals(Assert.java:629)
at org.testng.Assert.assertEquals(Assert.java:639)
at LocalTest.RunLocalTest.FirstTest.GOOGLE2(FirstTest.java:26)
at java.base/jdk.internal.reflect.DirectMethodHandleAccessor.invoke(DirectMethodHandleAccessor.java:104)
at java.base/java.lang.reflect.Method.invoke(Method.java:577)
at org.testng.internal.MethodInvocationHelper.invokeMethod(MethodInvocationHelper.java:133)
at org.testng.internal.TestInvoker.invokeMethod(TestInvoker.java:598)
at org.testng.internal.TestInvoker.invokeTestMethod(TestInvoker.java:173)
at org.testng.internal.MethodRunner.runInSequence(MethodRunner.java:46)
at org.testng.internal.TestInvoker$MethodInvocationAgent.invoke(TestInvoker.java:824)
at org.testng.internal.TestInvoker.invokeTestMethods(TestInvoker.java:146)
at org.testng.internal.TestMethodWorker.invokeTestMethods(TestMethodWorker.java:146)
at org.testng.internal.TestMethodWorker.run(TestMethodWorker.java:128)
at java.base/java.util.concurrent.ThreadPoolExecutor.runWorker(ThreadPoolExecutor.java:1136)
at java.base/java.util.concurrent.ThreadPoolExecutor$Worker.run(ThreadPoolExecutor.java:635)
at java.base/java.lang.Thread.run(Thread.java:833)
]]>
            </full-stacktrace>
          </exception> <!-- java.lang.AssertionError -->
          <reporter-output>
          </reporter-output>
        </test-method> <!-- GOOGLE2 -->
        <test-method signature="GOOGLE0()[pri:0, instance:LocalTest.RunLocalTest.FirstTest@37858383]" started-at="2022-08-26T22:45:45 IST" name="GOOGLE0" finished-at="2022-08-26T22:45:56 IST" duration-ms="10534" status="PASS">
          <reporter-output>
          </reporter-output>
        </test-method> <!-- GOOGLE0 -->
        <test-method is-config="true" signature="tearDown()[pri:0, instance:LocalTest.RunLocalTest.FirstTest@37858383]" started-at="2022-08-26T22:45:56 IST" name="tearDown" finished-at="2022-08-26T22:45:57 IST" duration-ms="1009" status="PASS">
          <reporter-output>
          </reporter-output>
        </test-method> <!-- tearDown -->
        <test-method is-config="true" signature="setupTest(java.lang.String)[pri:0, instance:LocalTest.RunLocalTest.FirstTest@37858383]" started-at="2022-08-26T22:45:57 IST" name="setupTest" finished-at="2022-08-26T22:46:02 IST" duration-ms="5005" status="PASS">
          <params>
            <param index="0">
              <value>
                <![CDATA[chrome]]>
              </value>
            </param>
          </params>
          <reporter-output>
          </reporter-output>
        </test-method> <!-- setupTest -->
        <test-method is-config="true" signature="tearDown()[pri:0, instance:LocalTest.RunLocalTest.FirstTest@37858383]" started-at="2022-08-26T22:46:01 IST" name="tearDown" finished-at="2022-08-26T22:46:02 IST" duration-ms="595" status="PASS">
          <reporter-output>
          </reporter-output>
        </test-method> <!-- tearDown -->
        <test-method is-config="true" signature="setupTest(java.lang.String)[pri:0, instance:LocalTest.RunLocalTest.FirstTest@37858383]" started-at="2022-08-26T22:46:02 IST" name="setupTest" finished-at="2022-08-26T22:46:07 IST" duration-ms="5007" status="PASS">
          <params>
            <param index="0">
              <value>
                <![CDATA[chrome]]>
              </value>
            </param>
          </params>
          <reporter-output>
          </reporter-output>
        </test-method> <!-- setupTest -->
        <test-method signature="GOOGLE3()[pri:0, instance:LocalTest.RunLocalTest.FirstTest@37858383]" started-at="2022-08-26T22:46:02 IST" name="GOOGLE3" finished-at="2022-08-26T22:46:12 IST" duration-ms="9825" status="PASS">
          <reporter-output>
          </reporter-output>
        </test-method> <!-- GOOGLE3 -->
        <test-method signature="GOOGLE4()[pri:0, instance:LocalTest.RunLocalTest.FirstTest@37858383]" started-at="2022-08-26T22:46:07 IST" name="GOOGLE4" finished-at="2022-08-26T22:46:17 IST" duration-ms="10071" status="PASS">
          <reporter-output>
          </reporter-output>
        </test-method> <!-- GOOGLE4 -->
        <test-method is-config="true" signature="tearDown()[pri:0, instance:LocalTest.RunLocalTest.FirstTest@37858383]" started-at="2022-08-26T22:46:12 IST" name="tearDown" finished-at="2022-08-26T22:46:13 IST" duration-ms="886" status="PASS">
          <reporter-output>
          </reporter-output>
        </test-method> <!-- tearDown -->
        <test-method is-config="true" signature="tearDown()[pri:0, instance:LocalTest.RunLocalTest.FirstTest@37858383]" started-at="2022-08-26T22:46:17 IST" name="tearDown" finished-at="2022-08-26T22:46:17 IST" duration-ms="660" status="PASS">
          <reporter-output>
          </reporter-output>
        </test-method> <!-- tearDown -->
      </class> <!-- LocalTest.RunLocalTest.FirstTest -->
    </test> <!-- com.FirstTest -->
  </suite> <!-- Suite -->
</testng-results>
