<?xml version="1.0" encoding="UTF-8"?>
<!-- Generated by org.testng.reporters.JUnitXMLReporter -->
<testsuite ignored="0" hostname="DESKTOP-R0P7LMN" failures="1" tests="4" name="com.FirstTest" time="37.124" errors="0" timestamp="2022-08-26T22:46:17 IST">
  <testcase classname="LocalTest.RunLocalTest.FirstTest" name="GOOGLE0" time="10.534"/>
  <testcase classname="LocalTest.RunLocalTest.FirstTest" name="GOOGLE2" time="15.489">
    <failure type="java.lang.AssertionError" message="expected [Google] but found []">
      <![CDATA[java.lang.AssertionError: expected [Google] but found []
at LocalTest.RunLocalTest.FirstTest.GOOGLE2(FirstTest.java:26)
at java.base/java.util.concurrent.ThreadPoolExecutor.runWorker(ThreadPoolExecutor.java:1136)
at java.base/java.util.concurrent.ThreadPoolExecutor$Worker.run(ThreadPoolExecutor.java:635)
at java.base/java.lang.Thread.run(Thread.java:833)
... Removed 16 stack frames]]>
    </failure>
  </testcase> <!-- GOOGLE2 -->
  <testcase classname="LocalTest.RunLocalTest.FirstTest" name="GOOGLE3" time="9.825"/>
  <testcase classname="LocalTest.RunLocalTest.FirstTest" name="GOOGLE4" time="10.071"/>
</testsuite> <!-- com.FirstTest -->
